2024-03-09 13:29:21 Loading main app package /tmp/.mount_ObsidiaYOuFL/resources/obsidian.asar
2024-03-09 13:29:21 Checking for update using Github
2024-03-09 13:29:21 Success.
2024-03-09 13:29:21 Latest version is 1.5.8
2024-03-09 13:29:21 App is up to date.
2024-03-09 22:55:42 Checking for update using Github
2024-03-09 22:55:43 Success.
2024-03-09 22:55:43 Latest version is 1.5.8
2024-03-09 22:55:43 App is up to date.
2024-03-09 23:55:42 Checking for update using Github
2024-03-09 23:55:42 Success.
2024-03-09 23:55:42 Latest version is 1.5.8
2024-03-09 23:55:42 App is up to date.
2024-03-10 00:55:42 Checking for update using Github
2024-03-10 00:55:43 Success.
2024-03-10 00:55:43 Latest version is 1.5.8
2024-03-10 00:55:43 App is up to date.
2024-03-10 01:55:43 Checking for update using Github
2024-03-10 01:55:43 Success.
2024-03-10 01:55:43 Latest version is 1.5.8
2024-03-10 01:55:43 App is up to date.
2024-03-10 02:55:43 Checking for update using Github
2024-03-10 02:55:43 Success.
2024-03-10 02:55:43 Latest version is 1.5.8
2024-03-10 02:55:43 App is up to date.
2024-03-10 03:55:43 Checking for update using Github
2024-03-10 03:55:43 Success.
2024-03-10 03:55:43 Latest version is 1.5.8
2024-03-10 03:55:43 App is up to date.
2024-03-10 04:37:16 Loading main app package /tmp/.mount_ObsidiMJL6J0/resources/obsidian.asar
2024-03-10 04:37:16 Checking for update using Github
2024-03-10 04:55:43 Checking for update using Github
2024-03-10 04:55:43 Success.
2024-03-10 04:55:43 Latest version is 1.5.8
2024-03-10 04:55:43 App is up to date.
2024-03-10 05:55:43 Checking for update using Github
2024-03-10 05:55:43 Success.
2024-03-10 05:55:43 Latest version is 1.5.8
2024-03-10 05:55:43 App is up to date.
2024-03-10 06:55:43 Checking for update using Github
2024-03-10 06:55:43 Success.
2024-03-10 06:55:43 Latest version is 1.5.8
2024-03-10 06:55:43 App is up to date.
2024-03-10 07:55:43 Checking for update using Github
2024-03-10 07:55:43 Success.
2024-03-10 07:55:43 Latest version is 1.5.8
2024-03-10 07:55:43 App is up to date.
2024-03-10 08:55:43 Checking for update using Github
2024-03-10 08:55:43 Success.
2024-03-10 08:55:43 Latest version is 1.5.8
2024-03-10 08:55:43 App is up to date.
2024-03-10 09:55:43 Checking for update using Github
2024-03-10 09:55:43 Success.
2024-03-10 09:55:43 Latest version is 1.5.8
2024-03-10 09:55:43 App is up to date.
2024-03-10 10:55:43 Checking for update using Github
2024-03-10 10:55:43 Success.
2024-03-10 10:55:43 Latest version is 1.5.8
2024-03-10 10:55:43 App is up to date.
2024-03-10 11:55:43 Checking for update using Github
2024-03-10 11:55:44 Success.
2024-03-10 11:55:44 Latest version is 1.5.8
2024-03-10 11:55:44 App is up to date.
2024-03-10 12:55:43 Checking for update using Github
2024-03-10 12:55:44 Success.
2024-03-10 12:55:44 Latest version is 1.5.8
2024-03-10 12:55:44 App is up to date.
2024-03-10 23:55:20 Checking for update using Github
2024-03-10 23:55:21 Success.
2024-03-10 23:55:21 Latest version is 1.5.8
2024-03-10 23:55:21 App is up to date.
2024-03-24 10:59:33 Loading main app package /tmp/.mount_ObsidiYN8P5k/resources/obsidian.asar
2024-03-24 10:59:33 Checking for update using Github
2024-03-24 10:59:34 Success.
2024-03-24 10:59:34 Latest version is 1.5.11
2024-03-24 10:59:34 Downloading update from https://github.com/obsidianmd/obsidian-releases/releases/download/v1.5.11/obsidian-1.5.11.asar.gz
2024-03-24 10:59:37 Verifying hash & signature. Size= 8781777
2024-03-24 10:59:37 Saving file
2024-03-24 10:59:37 Update complete.
2024-03-24 11:59:33 Checking for update using Github
2024-03-24 11:59:33 Success.
2024-03-24 11:59:33 Latest version is 1.5.11
2024-03-24 11:59:33 An update is already downloaded.
2024-03-24 12:59:33 Checking for update using Github
2024-03-24 12:59:33 Success.
2024-03-24 12:59:33 Latest version is 1.5.11
2024-03-24 12:59:33 An update is already downloaded.
2024-03-24 13:59:33 Checking for update using Github
2024-03-24 13:59:34 Success.
2024-03-24 13:59:34 Latest version is 1.5.11
2024-03-24 13:59:34 An update is already downloaded.
2024-03-24 14:19:22 Loading updated app package /home/wren/.config/obsidian/obsidian-1.5.11.asar
2024-03-24 14:19:23 Checking for update using Github
2024-03-26 11:44:01 Loading updated app package /home/wren/.config/obsidian/obsidian-1.5.11.asar
2024-03-26 11:44:02 Checking for update using Github
2024-03-26 11:44:02 Success.
2024-03-26 11:44:02 Latest version is 1.5.11
2024-03-26 11:44:02 App is up to date.
2024-03-26 12:44:01 Checking for update using Github
2024-03-26 12:44:02 Success.
2024-03-26 12:44:02 Latest version is 1.5.11
2024-03-26 12:44:02 App is up to date.
2024-03-26 13:24:56 Checking for update using Github
2024-03-26 13:24:56 Success.
2024-03-26 13:24:56 Latest version is 1.5.11
2024-03-26 13:24:56 App is up to date.
2024-03-26 14:19:29 Loading updated app package /home/wren/.config/obsidian/obsidian-1.5.11.asar
2024-03-26 14:19:30 Checking for update using Github
2024-03-26 14:19:30 Success.
2024-03-26 14:19:30 Latest version is 1.5.11
2024-03-26 14:19:30 App is up to date.
2024-03-26 14:21:03 Loading updated app package /home/wren/.config/obsidian/obsidian-1.5.11.asar
2024-03-26 14:21:03 Checking for update using Github
2024-03-26 14:21:03 Success.
2024-03-26 14:21:03 Latest version is 1.5.11
2024-03-26 14:21:03 App is up to date.
2024-03-26 15:21:03 Checking for update using Github
2024-03-26 15:21:04 Success.
2024-03-26 15:21:04 Latest version is 1.5.11
2024-03-26 15:21:04 App is up to date.
2024-03-31 07:53:35 Loading updated app package /home/wren/.config/obsidian/obsidian-1.5.11.asar
2024-03-31 07:53:36 Checking for update using Github
2024-03-31 07:53:36 Success.
2024-03-31 07:53:36 Latest version is 1.5.11
2024-03-31 07:53:36 App is up to date.
2024-03-31 08:53:35 Checking for update using Github
2024-03-31 08:53:36 Success.
2024-03-31 08:53:36 Latest version is 1.5.11
2024-03-31 08:53:36 App is up to date.
2024-03-31 09:53:35 Checking for update using Github
2024-03-31 09:53:36 Success.
2024-03-31 09:53:36 Latest version is 1.5.11
2024-03-31 09:53:36 App is up to date.
2024-03-31 10:53:35 Checking for update using Github
2024-03-31 10:53:36 Success.
2024-03-31 10:53:36 Latest version is 1.5.11
2024-03-31 10:53:36 App is up to date.
2024-03-31 11:53:35 Checking for update using Github
2024-03-31 11:53:36 Success.
2024-03-31 11:53:36 Latest version is 1.5.11
2024-03-31 11:53:36 App is up to date.
2024-04-02 06:48:29 Loading updated app package /home/wren/.config/obsidian/obsidian-1.5.11.asar
2024-04-02 06:48:29 Checking for update using Github
2024-04-02 06:48:30 Success.
2024-04-02 06:48:30 Latest version is 1.5.12
2024-04-02 06:48:30 Downloading update from https://github.com/obsidianmd/obsidian-releases/releases/download/v1.5.12/obsidian-1.5.12.asar.gz
2024-04-02 06:48:31 Verifying hash & signature. Size= 8781526
2024-04-02 06:48:31 Saving file
2024-04-02 06:48:31 Update complete.
2024-04-02 11:25:29 Loading updated app package /home/wren/.config/obsidian/obsidian-1.5.12.asar
2024-04-02 11:25:29 Checking for update using Github
2024-04-02 11:25:30 Success.
2024-04-02 11:25:30 Latest version is 1.5.12
2024-04-02 11:25:30 App is up to date.
2024-04-02 21:18:02 Checking for update using Github
2024-04-02 21:18:02 Success.
2024-04-02 21:18:02 Latest version is 1.5.12
2024-04-02 21:18:02 App is up to date.
2024-04-02 22:18:02 Checking for update using Github
2024-04-02 22:18:02 Success.
2024-04-02 22:18:02 Latest version is 1.5.12
2024-04-02 22:18:02 App is up to date.
2024-04-02 23:18:02 Checking for update using Github
2024-04-02 23:18:02 Success.
2024-04-02 23:18:02 Latest version is 1.5.12
2024-04-02 23:18:02 App is up to date.
2024-04-03 00:18:02 Checking for update using Github
2024-04-03 00:18:02 Success.
2024-04-03 00:18:02 Latest version is 1.5.12
2024-04-03 00:18:02 App is up to date.
2024-04-03 01:18:02 Checking for update using Github
2024-04-03 01:18:02 Success.
2024-04-03 01:18:02 Latest version is 1.5.12
2024-04-03 01:18:02 App is up to date.
2024-04-03 02:18:02 Checking for update using Github
2024-04-03 02:18:03 Success.
2024-04-03 02:18:03 Latest version is 1.5.12
2024-04-03 02:18:03 App is up to date.
2024-04-03 03:18:02 Checking for update using Github
2024-04-03 03:18:03 Success.
2024-04-03 03:18:03 Latest version is 1.5.12
2024-04-03 03:18:03 App is up to date.
2024-04-03 04:18:02 Checking for update using Github
2024-04-03 04:18:03 Success.
2024-04-03 04:18:03 Latest version is 1.5.12
2024-04-03 04:18:03 App is up to date.
2024-04-03 05:18:02 Checking for update using Github
2024-04-03 05:18:03 Success.
2024-04-03 05:18:03 Latest version is 1.5.12
2024-04-03 05:18:03 App is up to date.
2024-04-03 06:18:02 Checking for update using Github
2024-04-03 06:18:03 Success.
2024-04-03 06:18:03 Latest version is 1.5.12
2024-04-03 06:18:03 App is up to date.
2024-04-03 07:18:02 Checking for update using Github
2024-04-03 07:18:03 Success.
2024-04-03 07:18:03 Latest version is 1.5.12
2024-04-03 07:18:03 App is up to date.
2024-04-03 08:18:02 Checking for update using Github
2024-04-03 08:18:03 Success.
2024-04-03 08:18:03 Latest version is 1.5.12
2024-04-03 08:18:03 App is up to date.
2024-04-03 09:18:03 Checking for update using Github
2024-04-03 09:18:03 Success.
2024-04-03 09:18:03 Latest version is 1.5.12
2024-04-03 09:18:03 App is up to date.
2024-04-03 10:18:03 Checking for update using Github
2024-04-03 10:18:03 Success.
2024-04-03 10:18:03 Latest version is 1.5.12
2024-04-03 10:18:03 App is up to date.
2024-04-03 11:18:03 Checking for update using Github
2024-04-03 11:18:03 Success.
2024-04-03 11:18:03 Latest version is 1.5.12
2024-04-03 11:18:03 App is up to date.
2024-04-03 12:18:03 Checking for update using Github
2024-04-03 12:18:03 Success.
2024-04-03 12:18:03 Latest version is 1.5.12
2024-04-03 12:18:03 App is up to date.
2024-04-03 22:07:43 Checking for update using Github
2024-04-03 22:07:44 Success.
2024-04-03 22:07:44 Latest version is 1.5.12
2024-04-03 22:07:44 App is up to date.
2024-04-03 23:07:43 Checking for update using Github
2024-04-03 23:07:44 Success.
2024-04-03 23:07:44 Latest version is 1.5.12
2024-04-03 23:07:44 App is up to date.
2024-04-04 11:31:28 Loading updated app package /home/wren/.config/obsidian/obsidian-1.5.12.asar
2024-04-04 11:31:29 Checking for update using Github
2024-04-04 11:31:29 Success.
2024-04-04 11:31:29 Latest version is 1.5.12
2024-04-04 11:31:29 App is up to date.
2024-04-07 13:35:25 Loading updated app package /home/wren/.config/obsidian/obsidian-1.5.12.asar
2024-04-07 13:35:25 Checking for update using Github
2024-04-07 13:35:26 Success.
2024-04-07 13:35:26 Latest version is 1.5.12
2024-04-07 13:35:26 App is up to date.
2024-04-12 08:37:47 Loading updated app package /home/wren/.config/obsidian/obsidian-1.5.12.asar
2024-04-12 08:37:48 Checking for update using Github
2024-04-12 08:37:49 Success.
2024-04-12 08:37:49 Latest version is 1.5.12
2024-04-12 08:37:49 App is up to date.
2024-04-12 09:37:48 Checking for update using Github
2024-04-12 09:37:48 Success.
2024-04-12 09:37:48 Latest version is 1.5.12
2024-04-12 09:37:48 App is up to date.
2024-04-21 13:32:37 Loading updated app package /home/wren/.config/obsidian/obsidian-1.5.12.asar
2024-04-21 13:32:37 Checking for update using Github
2024-04-21 13:32:38 Success.
2024-04-21 13:32:38 Latest version is 1.5.12
2024-04-21 13:32:38 App is up to date.
2024-04-21 13:41:55 Loading updated app package /home/wren/.config/obsidian/obsidian-1.5.12.asar
2024-04-21 13:41:56 Checking for update using Github
2024-04-21 13:41:56 Success.
2024-04-21 13:41:56 Latest version is 1.5.12
2024-04-21 13:41:56 App is up to date.
2024-04-28 10:46:43 Loading updated app package /home/wren/.config/obsidian/obsidian-1.5.12.asar
2024-04-28 10:46:44 Checking for update using Github
2024-04-28 10:46:44 Success.
2024-04-28 10:46:44 Latest version is 1.5.12
2024-04-28 10:46:44 App is up to date.
2024-05-12 05:49:06 Loading updated app package /home/wren/.config/obsidian/obsidian-1.5.12.asar
2024-05-12 05:49:07 Checking for update using Github
2024-05-12 05:49:07 Success.
2024-05-12 05:49:07 Latest version is 1.5.12
2024-05-12 05:49:07 App is up to date.
2024-05-12 06:49:06 Checking for update using Github
2024-05-12 06:49:07 Success.
2024-05-12 06:49:07 Latest version is 1.5.12
2024-05-12 06:49:07 App is up to date.
2024-05-12 07:49:06 Checking for update using Github
2024-05-12 07:49:07 Success.
2024-05-12 07:49:07 Latest version is 1.5.12
2024-05-12 07:49:07 App is up to date.
2024-05-12 12:39:56 Loading updated app package /home/wren/.config/obsidian/obsidian-1.5.12.asar
2024-05-12 12:39:57 Checking for update using Github
2024-05-12 12:39:58 Success.
2024-05-12 12:39:58 Latest version is 1.5.12
2024-05-12 12:39:58 App is up to date.
2024-05-12 13:39:56 Checking for update using Github
2024-05-12 13:39:57 Success.
2024-05-12 13:39:57 Latest version is 1.5.12
2024-05-12 13:39:57 App is up to date.
2024-05-18 14:04:15 Loading updated app package /home/wren/.config/obsidian/obsidian-1.5.12.asar
2024-05-18 14:04:15 Checking for update using Github
2024-05-18 14:04:15 Success.
2024-05-18 14:04:15 Latest version is 1.5.12
2024-05-18 14:04:15 App is up to date.
2024-05-18 14:37:36 Checking for update using Github
2024-05-18 14:37:36 Success.
2024-05-18 14:37:36 Latest version is 1.5.12
2024-05-18 14:37:36 App is up to date.
2024-05-18 14:50:29 Loading updated app package /home/wren/.config/obsidian/obsidian-1.5.12.asar
2024-05-19 03:21:18 Loading updated app package /home/wren/.config/obsidian/obsidian-1.5.12.asar
2024-05-24 13:33:40 Loading updated app package /home/wren/.config/obsidian/obsidian-1.5.12.asar
2024-05-24 13:46:51 Checking for update using Github
2024-05-24 13:46:51 Success.
2024-05-24 13:46:51 Latest version is 1.5.12
2024-05-24 13:46:51 App is up to date.
2024-05-24 13:56:57 Loading updated app package /home/wren/.config/obsidian/obsidian-1.5.12.asar
2024-05-24 14:33:21 Loading updated app package /home/wren/.config/obsidian/obsidian-1.5.12.asar
2024-05-24 14:49:14 Loading updated app package /home/wren/.config/obsidian/obsidian-1.5.12.asar
2024-05-25 05:38:46 Loading updated app package /home/wren/.config/obsidian/obsidian-1.5.12.asar
2024-05-25 05:38:46 Checking for update using Github
2024-05-25 06:22:08 Loading updated app package /home/wren/.config/obsidian/obsidian-1.5.12.asar
2024-05-25 06:22:09 Checking for update using Github
2024-05-25 12:09:16 Loading updated app package /home/wren/.config/obsidian/obsidian-1.5.12.asar
2024-05-25 14:23:28 Loading updated app package /home/wren/.config/obsidian/obsidian-1.5.12.asar
2024-05-26 06:54:16 Loading updated app package /home/wren/.config/obsidian/obsidian-1.5.12.asar
2024-05-26 07:54:30 Loading updated app package /home/wren/.config/obsidian/obsidian-1.5.12.asar
